<?xml version="1.0" encoding="UTF-8"?>
<!-- Generated by org.testng.reporters.JUnitReportReporter -->
<testsuite hostname="KHUG-MacBook-Pro.local" failures="0" tests="1" name="com.greglturnquist.payroll.test.HomeControllerTest" time="0.120" errors="0" timestamp="2023-01-08T13:28:43 IST" skipped="0">
  <testcase classname="com.greglturnquist.payroll.test.HomeControllerTest" name="testEmployee" time="0.120"/>
  <system-out/>
</testsuite> <!-- com.greglturnquist.payroll.test.HomeControllerTest -->
